# biosdecode 3.1
ACPI 2.0 present.
	OEM Identifier: ALWARE
	RSD Table 32-bit Address: 0x99FF7005
	XSD Table 64-bit Address: 0x0000000099FF7069
SMBIOS 2.4 present.
	Structure Table Length: 1499 bytes
	Structure Table Address: 0x000D8010
	Number Of Structures: 38
	Maximum Structure Size: 181 bytes
BIOS32 Service Directory present.
	Revision: 0
	Calling Interface Address: 0x000FDBA0
Intel Multiprocessor present.
	Specification Revision: 1.4
	Configuration Table Address: 0x0009F871
	Mode: Virtual Wire
PNP BIOS 1.0 present.
	Event Notification: Not Supported
	Real Mode 16-bit Code Address: E3BE:D364
	Real Mode 16-bit Data Address: 0040:0000
	16-bit Protected Mode Code Address: 0x000FC2BF
	16-bit Protected Mode Data Address: 0x00000400
