0000-0000 : PCI Bus 0000:00
  0000-0000 : dma1
  0000-0000 : pic1
  0000-0000 : timer0
  0000-0000 : timer1
  0000-0000 : keyboard
  0000-0000 : PNP0C09:00
    0000-0000 : EC data
  0000-0000 : keyboard
  0000-0000 : PNP0C09:00
    0000-0000 : EC cmd
  0000-0000 : rtc0
  0000-0000 : dma page reg
  0000-0000 : pic2
  0000-0000 : dma2
  0000-0000 : fpu
    0000-0000 : PNP0C04:00
  0000-0000 : vga+
  0000-0000 : pnp 00:01
    0000-0000 : ACPI PM1a_EVT_BLK
    0000-0000 : ACPI PM1a_CNT_BLK
    0000-0000 : ACPI PM_TMR
    0000-0000 : ACPI GPE0_BLK
    0000-0000 : iTCO_wdt.0.auto
      0000-0000 : iTCO_wdt
    0000-0000 : ACPI PM2_CNT_BLK
    0000-0000 : iTCO_wdt.0.auto
      0000-0000 : iTCO_wdt
  0000-0000 : pnp 00:01
0000-0000 : PCI conf1
0000-0000 : PCI Bus 0000:00
  0000-0000 : pnp 00:01
  0000-0000 : 0000:00:02.0
  0000-0000 : 0000:00:1f.2
    0000-0000 : ahci
  0000-0000 : 0000:00:1f.2
    0000-0000 : ahci
  0000-0000 : 0000:00:1f.2
    0000-0000 : ahci
  0000-0000 : 0000:00:1f.2
    0000-0000 : ahci
  0000-0000 : 0000:00:1a.0
    0000-0000 : uhci_hcd
  0000-0000 : 0000:00:1d.0
    0000-0000 : uhci_hcd
  0000-0000 : 0000:00:1d.1
    0000-0000 : uhci_hcd
  0000-0000 : 0000:00:1d.2
    0000-0000 : uhci_hcd
  0000-0000 : 0000:00:1f.2
    0000-0000 : ahci
  0000-0000 : 0000:00:1f.3
    0000-0000 : i801_smbus
  0000-0000 : PCI Bus 0000:01
    0000-0000 : 0000:01:00.0
  0000-0000 : PCI Bus 0000:02
    0000-0000 : 0000:02:00.0
      0000-0000 : atl1c
  0000-0000 : PCI Bus 0000:08
  0000-0000 : PCI Bus 0000:1a
  0000-0000 : pnp 00:01
  0000-0000 : pnp 00:01
  0000-0000 : pnp 00:01
    0000-0000 : pnp 00:01
