superiotool r
Probing for ALi Super I/O at 0x3f0...
  Failed. Returned data: id=0xffff, rev=0xff
Probing for ALi Super I/O at 0x370...
  Failed. Returned data: id=0xffff, rev=0xff
Probing for Exar Super I/O at 0x2e...
  Failed. Returned data: vid=0xffff, id=0xffff
Probing for Exar Super I/O at 0x4e...
  Failed. Returned data: vid=0x0000, id=0x11fc
Probing for Fintek Super I/O at 0x2e...
  Failed. Returned data: vid=0xffff, id=0xffff
Probing for Fintek Super I/O at 0x4e...
  Failed. Returned data: vid=0x0000, id=0x11fc
Probing for Fintek Super I/O at 0x2e...
  Failed. Returned data: vid=0xffff, id=0xffff
Probing for Fintek Super I/O at 0x4e...
  Failed. Returned data: vid=0x0000, id=0x11fc
Probing for ITE Super I/O (init=standard) at 0x20e...
  Failed. Returned data: id=0xffff, rev=0xf
Probing for ITE Super I/O (init=it8502e) at 0x20e...
  Failed. Returned data: id=0xffff, rev=0xf
Probing for ITE Super I/O (init=it8761e) at 0x20e...
  Failed. Returned data: id=0xffff, rev=0xf
Probing for ITE Super I/O (init=it8228e) at 0x20e...
  Failed. Returned data: id=0xffff, rev=0xf
Probing for ITE Super I/O (init=0x87,0x87) at 0x20e...
  Failed. Returned data: id=0xffff, rev=0xf
Probing for ITE Super I/O (init=standard) at 0x25e...
  Failed. Returned data: id=0xffff, rev=0xf
Probing for ITE Super I/O (init=it8502e) at 0x25e...
  Failed. Returned data: id=0xffff, rev=0xf
Probing for ITE Super I/O (init=it8761e) at 0x25e...
  Failed. Returned data: id=0xffff, rev=0xf
Probing for ITE Super I/O (init=it8228e) at 0x25e...
  Failed. Returned data: id=0xffff, rev=0xf
Probing for ITE Super I/O (init=0x87,0x87) at 0x25e...
  Failed. Returned data: id=0xffff, rev=0xf
Probing for ITE Super I/O (init=standard) at 0x2e...
  Failed. Returned data: id=0xffff, rev=0xf
Probing for ITE Super I/O (init=it8502e) at 0x2e...
  Failed. Returned data: id=0xffff, rev=0xf
Probing for ITE Super I/O (init=it8761e) at 0x2e...
  Failed. Returned data: id=0xffff, rev=0xf
Probing for ITE Super I/O (init=it8228e) at 0x2e...
  Failed. Returned data: id=0xffff, rev=0xf
Probing for ITE Super I/O (init=0x87,0x87) at 0x2e...
  Failed. Returned data: id=0xffff, rev=0xf
Probing for ITE Super I/O (init=standard) at 0x4e...
  Failed. Returned data: id=0xfc11, rev=0x0
Probing for ITE Super I/O (init=it8502e) at 0x4e...
  Failed. Returned data: id=0xfc11, rev=0x0
Probing for ITE Super I/O (init=it8761e) at 0x4e...
  Failed. Returned data: id=0xfc11, rev=0x0
Probing for ITE Super I/O (init=it8228e) at 0x4e...
  Failed. Returned data: id=0xfc11, rev=0x0
Probing for ITE Super I/O (init=0x87,0x87) at 0x4e...
  Failed. Returned data: id=0xfc11, rev=0x0
Probing for ITE Super I/O (init=legacy/it8661f) at 0x370...
  Failed. Returned data: id=0xffff, rev=0xf
Probing for ITE Super I/O (init=legacy/it8671f) at 0x370...
  Failed. Returned data: id=0xffff, rev=0xf
Probing for NSC Super I/O at 0x2e...
  Failed. Returned data: port=0xff, port+1=0xff
Probing for NSC Super I/O at 0x4e...
  Failed. Returned data: sid=0xfc, srid=0xa2
Probing for NSC Super I/O at 0x15c...
  Failed. Returned data: port=0xff, port+1=0xff
Probing for NSC Super I/O at 0x164e...
  Failed. Returned data: port=0xff, port+1=0xff
Probing for Nuvoton Super I/O at 0x164e...
  Failed. Returned data: chip_id=0xffff
Probing for Nuvoton Super I/O (sid=0xfc) at 0x164e...
  Failed. Returned data: sid=0xff, id=0xffff, rev=0x00
Probing for Nuvoton Super I/O at 0x2e...
  Failed. Returned data: chip_id=0xffff
Probing for Nuvoton Super I/O (sid=0xfc) at 0x2e...
  Failed. Returned data: sid=0xff, id=0xffff, rev=0x00
Probing for Nuvoton Super I/O at 0x4e...
  Failed. Returned data: chip_id=0xfc11
Probing for Nuvoton Super I/O (sid=0xfc) at 0x4e...
Found Nuvoton WPCE775x / NPCE781x (id=0x05, rev=0x02) at 0x4e
Register dump:
idx 20 21 22 23 24 25 26 27  28 29 2a 2b 2c 2d 2e 2f
val fc 11 00 00 00 00 00 a2  00 1c 00 00 00 00 00 00
def fc 11 RR RR RR 00 00 MM  00 04 RR RR RR 00 RR RR
LDN 0x03 (CIR Port (CIRP))
idx 30 60 61 70 71 74 75 f0
val 00 03 f8 04 03 04 04 02
def 00 03 f8 04 03 04 04 02
LDN 0x04 (Mobile System Wake-Up Control Config (MSWC))
idx 30 60 61 70 71 74 75
val 00 00 00 00 03 04 04
def 00 00 00 00 03 04 04
LDN 0x05 (Mouse config (KBC))
idx 30 70 71 74 75
val 01 0c 03 04 04
def 00 0c 03 04 04
LDN 0x06 (Keyboard config (KBC))
idx 30 60 61 62 63 70 71 74  75
val 01 00 60 00 64 01 03 04  04
def 00 00 60 00 64 01 03 04  04
LDN 0x0f (Shared memory (SHM))
idx 30 60 61 70 71 74 75 f0  f1 f2 f3 f4 f5 f6 f7 f8  f9 fa fb
val 01 16 00 00 00 04 04 08  4b 00 00 00 01 80 ff 00  00 80 ff
def 00 00 00 00 00 04 04 MM  07 RR RR 00 00 00 00 00  00 00 00
LDN 0x11 (Power management I/F Channel 1 (PM1))
idx 30 60 61 62 63 70 71 74  75
val 01 00 62 00 66 00 03 04  04
def 00 00 62 00 66 01 03 04  04
LDN 0x12 (Power management I/F Channel 2 (PM2))
idx 30 60 61 62 63 70 71 74  75
val 01 00 68 00 6c 00 03 04  04
def 00 00 68 00 6c 01 03 04  04
LDN 0x15 (Enhanced Wake On CIR (EWOC))
idx 30 60 61 62 63 70 71 74  75
val 00 00 00 00 00 00 03 04  04
def 00 00 00 00 00 00 03 04  04
LDN 0x17 (Power Management I/F Channel 3 (PM3))
idx 30 60 61 62 63 70 71 74  75
val 01 00 6a 00 6e 00 03 04  04
def 00 00 6a 00 6e 01 03 04  04
LDN 0x1a (Serial Port with Fast Infrared Port (FIR))
idx 30 60 61 70 71 74 75 f0
val 00 02 f8 03 03 04 04 02
def 00 02 f8 03 03 04 04 02
Probing for SMSC Super I/O (idregs=0x20/0x21) at 0x2e...
  Failed. Returned data: id=0xff, rev=0xff
Probing for SMSC Super I/O (idregs=0x0d/0x0e) at 0x2e...
  Failed. Returned data: id=0xff, rev=0xff
Probing for SMSC Super I/O (idregs=0x20/0x21) at 0x4e...
  Failed. Returned data: id=0xfc, rev=0x11
Probing for SMSC Super I/O (idregs=0x0d/0x0e) at 0x4e...
  Failed. Returned data: id=0x00, rev=0x00
Probing for SMSC Super I/O (idregs=0x20/0x21) at 0x162e...
  Failed. Returned data: id=0xff, rev=0xff
Probing for SMSC Super I/O (idregs=0x0d/0x0e) at 0x162e...
  Failed. Returned data: id=0xff, rev=0xff
Probing for SMSC Super I/O (idregs=0x20/0x21) at 0x164e...
  Failed. Returned data: id=0xff, rev=0xff
Probing for SMSC Super I/O (idregs=0x0d/0x0e) at 0x164e...
  Failed. Returned data: id=0xff, rev=0xff
Probing for SMSC Super I/O (idregs=0x20/0x21) at 0x3f0...
  Failed. Returned data: id=0xff, rev=0xff
Probing for SMSC Super I/O (idregs=0x0d/0x0e) at 0x3f0...
  Failed. Returned data: id=0xff, rev=0xff
Probing for SMSC Super I/O (idregs=0x20/0x21) at 0x370...
  Failed. Returned data: id=0xff, rev=0xff
Probing for SMSC Super I/O (idregs=0x0d/0x0e) at 0x370...
  Failed. Returned data: id=0xff, rev=0xff
Probing for Winbond Super I/O (init=0x88) at 0x2e...
  Failed. Returned data: id/oldid=0xff/0x0f, rev=0xff
Probing for Winbond Super I/O (init=0x89) at 0x2e...
  Failed. Returned data: id/oldid=0xff/0x0f, rev=0xff
Probing for Winbond Super I/O (init=0x86,0x86) at 0x2e...
  Failed. Returned data: id/oldid=0xff/0x0f, rev=0xff
Probing for Winbond Super I/O (init=0x87,0x87) at 0x2e...
  Failed. Returned data: id/oldid=0xff/0x0f, rev=0xff
Probing for Winbond Super I/O (init=0x88) at 0x4e...
  Failed. Returned data: id/oldid=0xfc/0x00, rev=0x11
Probing for Winbond Super I/O (init=0x89) at 0x4e...
  Failed. Returned data: id/oldid=0xfc/0x00, rev=0x11
Probing for Winbond Super I/O (init=0x86,0x86) at 0x4e...
  Failed. Returned data: id/oldid=0xfc/0x00, rev=0x11
Probing for Winbond Super I/O (init=0x87,0x87) at 0x4e...
  Failed. Returned data: id/oldid=0xfc/0x00, rev=0x11
Probing for Winbond Super I/O (init=0x88) at 0x3f0...
  Failed. Returned data: id/oldid=0xff/0x0f, rev=0xff
Probing for Winbond Super I/O (init=0x89) at 0x3f0...
  Failed. Returned data: id/oldid=0xff/0x0f, rev=0xff
Probing for Winbond Super I/O (init=0x86,0x86) at 0x3f0...
  Failed. Returned data: id/oldid=0xff/0x0f, rev=0xff
Probing for Winbond Super I/O (init=0x87,0x87) at 0x3f0...
  Failed. Returned data: id/oldid=0xff/0x0f, rev=0xff
Probing for Winbond Super I/O (init=0x88) at 0x370...
  Failed. Returned data: id/oldid=0xff/0x0f, rev=0xff
Probing for Winbond Super I/O (init=0x89) at 0x370...
  Failed. Returned data: id/oldid=0xff/0x0f, rev=0xff
Probing for Winbond Super I/O (init=0x86,0x86) at 0x370...
  Failed. Returned data: id/oldid=0xff/0x0f, rev=0xff
Probing for Winbond Super I/O (init=0x87,0x87) at 0x370...
  Failed. Returned data: id/oldid=0xff/0x0f, rev=0xff
Probing for Winbond Super I/O (init=0x88) at 0x250...
  Failed. Returned data: id/oldid=0xff/0x0f, rev=0xff
Probing for Winbond Super I/O (init=0x89) at 0x250...
  Failed. Returned data: id/oldid=0xff/0x0f, rev=0xff
Probing for Winbond Super I/O (init=0x86,0x86) at 0x250...
  Failed. Returned data: id/oldid=0xff/0x0f, rev=0xff
Probing for Winbond Super I/O (init=0x87,0x87) at 0x250...
  Failed. Returned data: id/oldid=0xff/0x0f, rev=0xff
Probing for VIA Super I/O at 0x3f0...
  PCI device 1106:0686 not found.
Probing for AMD EC Super I/O at 0xaa...
Probing for Server Engines Super I/O at 0x2e...
  Failed. Returned data: id=0xffff, rev=0xff
Probing for Infineon Super I/O at 0x2e...
  Failed. Returned data: id=0xff, rev=0xff
Probing for Infineon Super I/O at 0x4e...
  Failed. Returned data: id=0xfc, rev=0x11
