fireaxe
    description: Portable Computer
    product: M11x (Null)
    vendor: Alienware
    version: A01
    width: 64 bits
    capabilities: smbios-2.4 dmi-2.4 smp vsyscall32
  *-core
       description: Motherboard
       product: 0VWGCV
       vendor: Alienware
       physical id: 0
       version: A01
     *-firmware
          description: BIOS
          vendor: Alienware
          physical id: 1
          version: A01
          date: 01/20/2010
          size: 114KiB
     *-cpu
          description: CPU
          product: Genuine Intel(R) CPU           U7300  @ 1.30GHz
          vendor: Intel Corp.
          physical id: 5
          bus info: cpu@0
          version: Genuine Intel(R) CPU           U7300  @ 1.30GHz
          slot: U2E1
          size: 1300MHz
          width: 64 bits
          clock: 200MHz
          capabilities: fpu fpu_exception wp vme de pse tsc msr pae mce cx8 apic sep mtrr pge mca cmov pat pse36 clflush dts acpi mmx fxsr sse sse2 ss ht tm pbe syscall nx x86-64 constant_tsc arch_perfmon pebs bts rep_good nopl cpuid aperfmperf pni dtes64 monitor ds_cpl vmx est tm2 ssse3 cx16 xtpr pdcm sse4_1 xsave lahf_lm tpr_shadow vnmi flexpriority dtherm cpufreq
        *-cache:0
             description: L1 cache
             physical id: 6
             slot: L1 Cache
             size: 32KiB
             capacity: 32KiB
             capabilities: asynchronous internal write-back data
             configuration: level=1
        *-cache:1
             description: L2 cache
             physical id: 7
             slot: L2 Cache
             size: 3MiB
             capacity: 3MiB
             capabilities: burst internal write-back unified
             configuration: level=2
     *-memory
          description: System Memory
          physical id: f
          slot: System board or motherboard
          size: 4GiB
        *-bank:0
             description: SODIMM Synchronous 800 MHz (1.2 ns)
             product: NT2GC64B88B0NS-CG
             vendor: Nanya Technology
             physical id: 0
             slot: M1
             size: 2GiB
             width: 64 bits
             clock: 800MHz (1.2ns)
        *-bank:1
             description: SODIMM Synchronous 800 MHz (1.2 ns)
             product: NT2GC64B88B0NS-CG
             vendor: Nanya Technology
             physical id: 1
             slot: M2
             size: 2GiB
             width: 64 bits
             clock: 800MHz (1.2ns)
     *-pci
          description: Host bridge
          product: Mobile 4 Series Chipset Memory Controller Hub
          vendor: Intel Corporation
          physical id: 100
          bus info: pci@0000:00:00.0
          version: 07
          width: 32 bits
          clock: 33MHz
        *-generic
             description: Unassigned class
             product: Illegal Vendor ID
             vendor: Illegal Vendor ID
             physical id: 1
             bus info: pci@0000:00:01.0
             version: ff
             width: 32 bits
             clock: 66MHz
             capabilities: bus_master vga_palette cap_list
             configuration: driver=pcieport latency=255 maxlatency=255 mingnt=255
             resources: irq:16 ioport:2000(size=4096) memory:f0000000-f10fffff ioport:be000000(size=301989888)
        *-display
             description: Display controller
             product: Mobile 4 Series Chipset Integrated Graphics Controller
             vendor: Intel Corporation
             physical id: 2
             bus info: pci@0000:00:02.0
             version: 07
             width: 64 bits
             clock: 33MHz
             capabilities: msi pm bus_master cap_list rom
             configuration: driver=i915 latency=0
             resources: irq:16 memory:f1400000-f17fffff memory:d0000000-dfffffff ioport:1800(size=8) memory:c0000-dffff
        *-usb:0
             description: USB controller
             product: 82801I (ICH9 Family) USB UHCI Controller #4
             vendor: Intel Corporation
             physical id: 1a
             bus info: pci@0000:00:1a.0
             version: 03
             width: 32 bits
             clock: 33MHz
             capabilities: uhci bus_master cap_list
             configuration: driver=uhci_hcd latency=0
             resources: irq:16 ioport:1820(size=32)
        *-usb:1
             description: USB controller
             product: 82801I (ICH9 Family) USB2 EHCI Controller #2
             vendor: Intel Corporation
             physical id: 1a.7
             bus info: pci@0000:00:1a.7
             version: 03
             width: 32 bits
             clock: 33MHz
             capabilities: pm debug ehci bus_master cap_list
             configuration: driver=ehci-pci latency=0
             resources: irq:19 memory:f1a04800-f1a04bff
        *-multimedia
             description: Audio device
             product: 82801I (ICH9 Family) HD Audio Controller
             vendor: Intel Corporation
             physical id: 1b
             bus info: pci@0000:00:1b.0
             version: 03
             width: 64 bits
             clock: 33MHz
             capabilities: pm msi pciexpress bus_master cap_list
             configuration: driver=snd_hda_intel latency=0
             resources: irq:25 memory:f1a00000-f1a03fff
        *-pci:0
             description: PCI bridge
             product: 82801I (ICH9 Family) PCI Express Port 1
             vendor: Intel Corporation
             physical id: 1c
             bus info: pci@0000:00:1c.0
             version: 03
             width: 32 bits
             clock: 33MHz
             capabilities: pci pciexpress msi pm normal_decode bus_master cap_list
             configuration: driver=pcieport
             resources: irq:17 ioport:3000(size=4096) memory:f1100000-f11fffff ioport:a0000000(size=2097152)
           *-network
                description: Ethernet interface
                product: AR8132 Fast Ethernet
                vendor: Qualcomm Atheros
                physical id: 0
                bus info: pci@0000:02:00.0
                logical name: eth0
                version: c0
                capacity: 100Mbit/s
                width: 64 bits
                clock: 33MHz
                capabilities: pm msi pciexpress vpd bus_master cap_list ethernet physical tp 10bt 10bt-fd 100bt 100bt-fd autonegotiation
                configuration: autonegotiation=on broadcast=yes driver=atl1c driverversion=1.0.1.1-NAPI latency=0 link=no multicast=yes port=twisted pair
                resources: irq:26 memory:f1100000-f113ffff ioport:3000(size=128)
        *-pci:1
             description: PCI bridge
             product: 82801I (ICH9 Family) PCI Express Port 2
             vendor: Intel Corporation
             physical id: 1c.1
             bus info: pci@0000:00:1c.1
             version: 03
             width: 32 bits
             clock: 33MHz
             capabilities: pci pciexpress msi pm normal_decode bus_master cap_list
             configuration: driver=pcieport
             resources: irq:16 ioport:4000(size=4096) memory:f1200000-f12fffff ioport:a0200000(size=2097152)
           *-network
                description: Wireless interface
                product: AR9285 Wireless Network Adapter (PCI-Express)
                vendor: Qualcomm Atheros
                physical id: 0
                bus info: pci@0000:08:00.0
                logical name: wlan0
                version: 01
                width: 64 bits
                clock: 33MHz
                capabilities: pm msi pciexpress bus_master cap_list ethernet physical wireless
                configuration: broadcast=yes driver=ath9k driverversion=4.13.0-1-amd64 firmware=N/A ip=192.168.1.85 latency=0 link=yes multicast=yes wireless=IEEE 802.11
                resources: irq:17 memory:f1200000-f120ffff
        *-pci:2
             description: PCI bridge
             product: 82801I (ICH9 Family) PCI Express Port 5
             vendor: Intel Corporation
             physical id: 1c.4
             bus info: pci@0000:00:1c.4
             version: 03
             width: 32 bits
             clock: 33MHz
             capabilities: pci pciexpress msi pm normal_decode bus_master cap_list
             configuration: driver=pcieport
             resources: irq:17 ioport:5000(size=4096) memory:f1300000-f13fffff ioport:a0400000(size=2097152)
           *-generic:0
                description: System peripheral
                product: SD/MMC Host Controller
                vendor: JMicron Technology Corp.
                physical id: 0
                bus info: pci@0000:1a:00.0
                version: 00
                width: 32 bits
                clock: 33MHz
                capabilities: pm pciexpress msi bus_master cap_list
                configuration: driver=sdhci-pci latency=0
                resources: irq:16 memory:f1301400-f13014ff
           *-generic:1
                description: System peripheral
                product: MS Host Controller
                vendor: JMicron Technology Corp.
                physical id: 0.3
                bus info: pci@0000:1a:00.3
                version: 00
                width: 32 bits
                clock: 33MHz
                capabilities: pm pciexpress msi bus_master cap_list
                configuration: driver=jmb38x_ms latency=0
                resources: irq:16 memory:f1301c00-f1301cff
        *-usb:2
             description: USB controller
             product: 82801I (ICH9 Family) USB UHCI Controller #1
             vendor: Intel Corporation
             physical id: 1d
             bus info: pci@0000:00:1d.0
             version: 03
             width: 32 bits
             clock: 33MHz
             capabilities: uhci bus_master cap_list
             configuration: driver=uhci_hcd latency=0
             resources: irq:23 ioport:1840(size=32)
        *-usb:3
             description: USB controller
             product: 82801I (ICH9 Family) USB UHCI Controller #2
             vendor: Intel Corporation
             physical id: 1d.1
             bus info: pci@0000:00:1d.1
             version: 03
             width: 32 bits
             clock: 33MHz
             capabilities: uhci bus_master cap_list
             configuration: driver=uhci_hcd latency=0
             resources: irq:19 ioport:1860(size=32)
        *-usb:4
             description: USB controller
             product: 82801I (ICH9 Family) USB UHCI Controller #3
             vendor: Intel Corporation
             physical id: 1d.2
             bus info: pci@0000:00:1d.2
             version: 03
             width: 32 bits
             clock: 33MHz
             capabilities: uhci bus_master cap_list
             configuration: driver=uhci_hcd latency=0
             resources: irq:18 ioport:1880(size=32)
        *-usb:5
             description: USB controller
             product: 82801I (ICH9 Family) USB2 EHCI Controller #1
             vendor: Intel Corporation
             physical id: 1d.7
             bus info: pci@0000:00:1d.7
             version: 03
             width: 32 bits
             clock: 33MHz
             capabilities: pm debug ehci bus_master cap_list
             configuration: driver=ehci-pci latency=0
             resources: irq:23 memory:f1a04c00-f1a04fff
        *-pci:3
             description: PCI bridge
             product: 82801 Mobile PCI Bridge
             vendor: Intel Corporation
             physical id: 1e
             bus info: pci@0000:00:1e.0
             version: 93
             width: 32 bits
             clock: 33MHz
             capabilities: pci subtractive_decode bus_master cap_list
        *-isa
             description: ISA bridge
             product: ICH9M-E LPC Interface Controller
             vendor: Intel Corporation
             physical id: 1f
             bus info: pci@0000:00:1f.0
             version: 03
             width: 32 bits
             clock: 33MHz
             capabilities: isa bus_master cap_list
             configuration: driver=lpc_ich latency=0
             resources: irq:0
        *-storage
             description: SATA controller
             product: 82801IBM/IEM (ICH9M/ICH9M-E) 4 port SATA Controller [AHCI mode]
             vendor: Intel Corporation
             physical id: 1f.2
             bus info: pci@0000:00:1f.2
             version: 03
             width: 32 bits
             clock: 66MHz
             capabilities: storage msi pm ahci_1.0 bus_master cap_list
             configuration: driver=ahci latency=0
             resources: irq:24 ioport:1818(size=8) ioport:180c(size=4) ioport:1810(size=8) ioport:1808(size=4) ioport:18a0(size=32) memory:f1a04000-f1a047ff
             description: SMBus
             product: 82801I (ICH9 Family) SMBus Controller
             vendor: Intel Corporation
             physical id: 1f.3
             bus info: pci@0000:00:1f.3
             version: 03
             width: 64 bits
             clock: 33MHz
             configuration: driver=i801_smbus latency=0
             resources: irq:19 memory:a0600000-a06000ff ioport:18c0(size=32)
     *-generic:0 UNCLAIMED
          description: Unassigned class
          product: Illegal Vendor ID
          vendor: Illegal Vendor ID
          physical id: 0
          bus info: pci@0000:01:00.0
          version: ff
          width: 32 bits
          clock: 66MHz
          capabilities: bus_master vga_palette cap_list
          configuration: latency=255 maxlatency=255 mingnt=255
          resources: memory:f0000000-f0ffffff memory:c0000000-cfffffff memory:be000000-bfffffff ioport:2000(size=128) memory:f1080000-f10fffff
     *-generic:1
          description: Unassigned class
          product: Illegal Vendor ID
          vendor: Illegal Vendor ID
          physical id: 0.1
          bus info: pci@0000:01:00.1
          version: ff
          width: 32 bits
          clock: 66MHz
          capabilities: bus_master vga_palette cap_list
          configuration: driver=snd_hda_intel latency=255 maxlatency=255 mingnt=255
          resources: irq:17 memory:f1000000-f1003fff
     *-scsi
          physical id: 2
          logical name: scsi0
          capabilities: emulated
        *-disk
             description: ATA Disk
             product: Samsung SSD 840
             physical id: 0.0.0
             bus info: scsi@0:0.0.0
             logical name: /dev/sda
             version: BB6Q
             size: 111GiB (120GB)
             capabilities: partitioned partitioned:dos
             configuration: ansiversion=5 logicalsectorsize=512 sectorsize=512 signature=36a2d2c0
           *-volume:0
                description: Linux filesystem partition
                vendor: Linux
                physical id: 1
                bus info: scsi@0:0.0.0,1
                logical name: /dev/sda1
                logical name: /boot
                version: 1.0
                size: 243MiB
                capacity: 243MiB
                capabilities: primary bootable extended_attributes ext2 initialized
                configuration: filesystem=ext2 lastmountpoint=/boot modified=2018-01-15 16:16:44 mount.fstype=ext2 mount.options=rw,relatime,block_validity,barrier,user_xattr,acl mounted=2018-01-14 07:27:48 state=mounted
           *-volume:1
                description: Extended partition
                physical id: 2
                bus info: scsi@0:0.0.0,2
                logical name: /dev/sda2
                size: 111GiB
                capacity: 111GiB
                capabilities: primary extended partitioned partitioned:extended
              *-logicalvolume
                   description: Linux filesystem partition
                   physical id: 5
                   logical name: /dev/sda5
                   size: 111GiB
                   capacity: 111GiB
                   width: 512 bits
                   capabilities: encrypted luks initialized
                   configuration: bits=512 cipher=aes filesystem=luks hash=sha1 mode=xts-plain64 version=1
  *-battery
       description: Lithium Ion Battery
       product: Alienware
       vendor: Alienware
       physical id: 1
       slot: System Battery Bay
       capacity: 64530mWh
       configuration: voltage=14.8V
  *-network:0
       description: Ethernet interface
       physical id: 2
       logical name: veth77459bb
       size: 10Gbit/s
       capabilities: ethernet physical
       configuration: autonegotiation=off broadcast=yes driver=veth driverversion=1.0 duplex=full link=yes multicast=yes port=twisted pair speed=10Gbit/s
  *-network:1
       description: Ethernet interface
       physical id: 3
       logical name: veth0834ddf
       size: 10Gbit/s
       capabilities: ethernet physical
       configuration: autonegotiation=off broadcast=yes driver=veth driverversion=1.0 duplex=full link=yes multicast=yes port=twisted pair speed=10Gbit/s
  *-network:2
       description: Ethernet interface
       physical id: 4
       logical name: docker0
       capabilities: ethernet physical
       configuration: broadcast=yes driver=bridge driverversion=2.3 firmware=N/A ip=172.17.0.1 link=yes multicast=yes
  *-network:3
       description: Ethernet interface
       physical id: 5
       logical name: veth595cd71
       size: 10Gbit/s
       capabilities: ethernet physical
       configuration: autonegotiation=off broadcast=yes driver=veth driverversion=1.0 duplex=full link=yes multicast=yes port=twisted pair speed=10Gbit/s
  *-network:4
       description: Ethernet interface
       physical id: 6
       logical name: veth1a8a7a1
       size: 10Gbit/s
       capabilities: ethernet physical
       configuration: autonegotiation=off broadcast=yes driver=veth driverversion=1.0 duplex=full link=yes multicast=yes port=twisted pair speed=10Gbit/s
